2022-12-15 10:16:42.885  INFO 21593 --- [restartedMain] com.tweetapp.api.TweetApplication        : Starting TweetApplication using Java 11.0.16.1 on arav-Lenovo-Legion-Y540-15IRH-PG0 with PID 21593 (/home/arav/Desktop/FSE1/fse1/TweetAppBackend/target/classes started by arav in /home/arav/Desktop/FSE1/fse1/TweetAppBackend)
2022-12-15 10:16:42.889 DEBUG 21593 --- [restartedMain] com.tweetapp.api.TweetApplication        : Running with Spring Boot v2.4.5, Spring v5.3.6
2022-12-15 10:16:42.889  INFO 21593 --- [restartedMain] com.tweetapp.api.TweetApplication        : No active profile set, falling back to default profiles: default
2022-12-15 10:16:42.953  INFO 21593 --- [restartedMain] .e.DevToolsPropertyDefaultsPostProcessor : Devtools property defaults active! Set 'spring.devtools.add-properties' to 'false' to disable
2022-12-15 10:16:42.953  INFO 21593 --- [restartedMain] .e.DevToolsPropertyDefaultsPostProcessor : For additional web related logging consider setting the 'logging.level.web' property to 'DEBUG'
2022-12-15 10:16:43.941  INFO 21593 --- [restartedMain] .s.d.r.c.RepositoryConfigurationDelegate : Bootstrapping Spring Data MongoDB repositories in DEFAULT mode.
2022-12-15 10:16:43.992  INFO 21593 --- [restartedMain] .s.d.r.c.RepositoryConfigurationDelegate : Finished Spring Data repository scanning in 47 ms. Found 2 MongoDB repository interfaces.
2022-12-15 10:16:44.621  INFO 21593 --- [restartedMain] o.s.b.w.embedded.tomcat.TomcatWebServer  : Tomcat initialized with port(s): 8090 (http)
2022-12-15 10:16:44.632  INFO 21593 --- [restartedMain] o.apache.catalina.core.StandardService   : Starting service [Tomcat]
2022-12-15 10:16:44.632  INFO 21593 --- [restartedMain] org.apache.catalina.core.StandardEngine  : Starting Servlet engine: [Apache Tomcat/9.0.45]
2022-12-15 10:16:44.758  INFO 21593 --- [restartedMain] o.a.c.c.C.[Tomcat].[localhost].[/]       : Initializing Spring embedded WebApplicationContext
2022-12-15 10:16:44.760  INFO 21593 --- [restartedMain] w.s.c.ServletWebServerApplicationContext : Root WebApplicationContext: initialization completed in 1806 ms
2022-12-15 10:16:45.057 DEBUG 21593 --- [restartedMain] TFilter$$EnhancerBySpringCGLIB$$b6b1060b : Filter 'JWTFilter' configured for use
2022-12-15 10:16:45.283  INFO 21593 --- [restartedMain] org.mongodb.driver.cluster               : Cluster created with settings {hosts=[127.0.0.1:27017], srvHost=cluster0.u2zw5kp.mongodb.net, mode=MULTIPLE, requiredClusterType=REPLICA_SET, serverSelectionTimeout='30000 ms', requiredReplicaSetName='atlas-a6hei6-shard-0'}
2022-12-15 10:16:45.342  INFO 21593 --- [cluster-ClusterId{value='639aa6b5379bf477b15f9270', description='null'}-srv-cluster0.u2zw5kp.mongodb.net] org.mongodb.driver.cluster               : Adding discovered server ac-gbopxqh-shard-00-02.u2zw5kp.mongodb.net:27017 to client view of cluster
2022-12-15 10:16:45.418  INFO 21593 --- [cluster-ClusterId{value='639aa6b5379bf477b15f9270', description='null'}-srv-cluster0.u2zw5kp.mongodb.net] org.mongodb.driver.cluster               : Adding discovered server ac-gbopxqh-shard-00-01.u2zw5kp.mongodb.net:27017 to client view of cluster
2022-12-15 10:16:45.420  INFO 21593 --- [cluster-ClusterId{value='639aa6b5379bf477b15f9270', description='null'}-srv-cluster0.u2zw5kp.mongodb.net] org.mongodb.driver.cluster               : Adding discovered server ac-gbopxqh-shard-00-00.u2zw5kp.mongodb.net:27017 to client view of cluster
2022-12-15 10:16:45.584  INFO 21593 --- [restartedMain] o.s.b.d.a.OptionalLiveReloadServer       : LiveReload server is running on port 35729
2022-12-15 10:16:46.250  INFO 21593 --- [cluster-ClusterId{value='639aa6b5379bf477b15f9270', description='null'}-ac-gbopxqh-shard-00-00.u2zw5kp.mongodb.net:27017] org.mongodb.driver.connection            : Opened connection [connectionId{localValue:3, serverValue:22971}] to ac-gbopxqh-shard-00-00.u2zw5kp.mongodb.net:27017
2022-12-15 10:16:46.250  INFO 21593 --- [cluster-ClusterId{value='639aa6b5379bf477b15f9270', description='null'}-ac-gbopxqh-shard-00-02.u2zw5kp.mongodb.net:27017] org.mongodb.driver.connection            : Opened connection [connectionId{localValue:1, serverValue:23271}] to ac-gbopxqh-shard-00-02.u2zw5kp.mongodb.net:27017
2022-12-15 10:16:46.251  INFO 21593 --- [cluster-ClusterId{value='639aa6b5379bf477b15f9270', description='null'}-ac-gbopxqh-shard-00-02.u2zw5kp.mongodb.net:27017] org.mongodb.driver.cluster               : Monitor thread successfully connected to server with description ServerDescription{address=ac-gbopxqh-shard-00-02.u2zw5kp.mongodb.net:27017, type=REPLICA_SET_PRIMARY, state=CONNECTED, ok=true, minWireVersion=0, maxWireVersion=13, maxDocumentSize=16777216, logicalSessionTimeoutMinutes=30, roundTripTimeNanos=512049195, setName='atlas-a6hei6-shard-0', canonicalAddress=ac-gbopxqh-shard-00-02.u2zw5kp.mongodb.net:27017, hosts=[ac-gbopxqh-shard-00-01.u2zw5kp.mongodb.net:27017, ac-gbopxqh-shard-00-02.u2zw5kp.mongodb.net:27017, ac-gbopxqh-shard-00-00.u2zw5kp.mongodb.net:27017], passives=[], arbiters=[], primary='ac-gbopxqh-shard-00-02.u2zw5kp.mongodb.net:27017', tagSet=TagSet{[Tag{name='nodeType', value='ELECTABLE'}, Tag{name='provider', value='AWS'}, Tag{name='region', value='AP_SOUTH_1'}, Tag{name='workloadType', value='OPERATIONAL'}]}, electionId=7fffffff0000000000000171, setVersion=7, topologyVersion=TopologyVersion{processId=6399b5c7c9e620c17480b7f5, counter=6}, lastWriteDate=Thu Dec 15 10:16:46 IST 2022, lastUpdateTimeNanos=939149312180}
2022-12-15 10:16:46.250  INFO 21593 --- [cluster-rtt-ClusterId{value='639aa6b5379bf477b15f9270', description='null'}-ac-gbopxqh-shard-00-02.u2zw5kp.mongodb.net:27017] org.mongodb.driver.connection            : Opened connection [connectionId{localValue:2, serverValue:23680}] to ac-gbopxqh-shard-00-02.u2zw5kp.mongodb.net:27017
2022-12-15 10:16:46.250  INFO 21593 --- [cluster-rtt-ClusterId{value='639aa6b5379bf477b15f9270', description='null'}-ac-gbopxqh-shard-00-01.u2zw5kp.mongodb.net:27017] org.mongodb.driver.connection            : Opened connection [connectionId{localValue:5, serverValue:21955}] to ac-gbopxqh-shard-00-01.u2zw5kp.mongodb.net:27017
2022-12-15 10:16:46.250  INFO 21593 --- [cluster-ClusterId{value='639aa6b5379bf477b15f9270', description='null'}-ac-gbopxqh-shard-00-01.u2zw5kp.mongodb.net:27017] org.mongodb.driver.connection            : Opened connection [connectionId{localValue:4, serverValue:21955}] to ac-gbopxqh-shard-00-01.u2zw5kp.mongodb.net:27017
2022-12-15 10:16:46.250  INFO 21593 --- [cluster-rtt-ClusterId{value='639aa6b5379bf477b15f9270', description='null'}-ac-gbopxqh-shard-00-00.u2zw5kp.mongodb.net:27017] org.mongodb.driver.connection            : Opened connection [connectionId{localValue:6, serverValue:22966}] to ac-gbopxqh-shard-00-00.u2zw5kp.mongodb.net:27017
2022-12-15 10:16:46.251  INFO 21593 --- [cluster-ClusterId{value='639aa6b5379bf477b15f9270', description='null'}-ac-gbopxqh-shard-00-00.u2zw5kp.mongodb.net:27017] org.mongodb.driver.cluster               : Monitor thread successfully connected to server with description ServerDescription{address=ac-gbopxqh-shard-00-00.u2zw5kp.mongodb.net:27017, type=REPLICA_SET_SECONDARY, state=CONNECTED, ok=true, minWireVersion=0, maxWireVersion=13, maxDocumentSize=16777216, logicalSessionTimeoutMinutes=30, roundTripTimeNanos=512110917, setName='atlas-a6hei6-shard-0', canonicalAddress=ac-gbopxqh-shard-00-00.u2zw5kp.mongodb.net:27017, hosts=[ac-gbopxqh-shard-00-01.u2zw5kp.mongodb.net:27017, ac-gbopxqh-shard-00-02.u2zw5kp.mongodb.net:27017, ac-gbopxqh-shard-00-00.u2zw5kp.mongodb.net:27017], passives=[], arbiters=[], primary='ac-gbopxqh-shard-00-02.u2zw5kp.mongodb.net:27017', tagSet=TagSet{[Tag{name='nodeType', value='ELECTABLE'}, Tag{name='provider', value='AWS'}, Tag{name='region', value='AP_SOUTH_1'}, Tag{name='workloadType', value='OPERATIONAL'}]}, electionId=null, setVersion=7, topologyVersion=TopologyVersion{processId=6399b4de99d4c19eafe19e18, counter=4}, lastWriteDate=Thu Dec 15 10:16:46 IST 2022, lastUpdateTimeNanos=939149312513}
2022-12-15 10:16:46.253  INFO 21593 --- [cluster-ClusterId{value='639aa6b5379bf477b15f9270', description='null'}-ac-gbopxqh-shard-00-01.u2zw5kp.mongodb.net:27017] org.mongodb.driver.cluster               : Monitor thread successfully connected to server with description ServerDescription{address=ac-gbopxqh-shard-00-01.u2zw5kp.mongodb.net:27017, type=REPLICA_SET_SECONDARY, state=CONNECTED, ok=true, minWireVersion=0, maxWireVersion=13, maxDocumentSize=16777216, logicalSessionTimeoutMinutes=30, roundTripTimeNanos=516044580, setName='atlas-a6hei6-shard-0', canonicalAddress=ac-gbopxqh-shard-00-01.u2zw5kp.mongodb.net:27017, hosts=[ac-gbopxqh-shard-00-01.u2zw5kp.mongodb.net:27017, ac-gbopxqh-shard-00-02.u2zw5kp.mongodb.net:27017, ac-gbopxqh-shard-00-00.u2zw5kp.mongodb.net:27017], passives=[], arbiters=[], primary='ac-gbopxqh-shard-00-02.u2zw5kp.mongodb.net:27017', tagSet=TagSet{[Tag{name='nodeType', value='ELECTABLE'}, Tag{name='provider', value='AWS'}, Tag{name='region', value='AP_SOUTH_1'}, Tag{name='workloadType', value='OPERATIONAL'}]}, electionId=null, setVersion=7, topologyVersion=TopologyVersion{processId=6399b6da68ea8941920e046e, counter=3}, lastWriteDate=Thu Dec 15 10:16:46 IST 2022, lastUpdateTimeNanos=939149312467}
2022-12-15 10:16:46.253  INFO 21593 --- [cluster-ClusterId{value='639aa6b5379bf477b15f9270', description='null'}-ac-gbopxqh-shard-00-02.u2zw5kp.mongodb.net:27017] org.mongodb.driver.cluster               : Setting max election id to 7fffffff0000000000000171 from replica set primary ac-gbopxqh-shard-00-02.u2zw5kp.mongodb.net:27017
2022-12-15 10:16:46.253  INFO 21593 --- [cluster-ClusterId{value='639aa6b5379bf477b15f9270', description='null'}-ac-gbopxqh-shard-00-02.u2zw5kp.mongodb.net:27017] org.mongodb.driver.cluster               : Setting max set version to 7 from replica set primary ac-gbopxqh-shard-00-02.u2zw5kp.mongodb.net:27017
2022-12-15 10:16:46.253  INFO 21593 --- [cluster-ClusterId{value='639aa6b5379bf477b15f9270', description='null'}-ac-gbopxqh-shard-00-02.u2zw5kp.mongodb.net:27017] org.mongodb.driver.cluster               : Discovered replica set primary ac-gbopxqh-shard-00-02.u2zw5kp.mongodb.net:27017
2022-12-15 10:16:46.422  INFO 21593 --- [restartedMain] o.s.s.concurrent.ThreadPoolTaskExecutor  : Initializing ExecutorService 'applicationTaskExecutor'
2022-12-15 10:16:48.106  INFO 21593 --- [restartedMain] o.s.b.a.e.web.EndpointLinksResolver      : Exposing 15 endpoint(s) beneath base path '/actuator'
2022-12-15 10:16:48.371  INFO 21593 --- [restartedMain] o.a.k.clients.consumer.ConsumerConfig    : ConsumerConfig values: 
	allow.auto.create.topics = true
	auto.commit.interval.ms = 5000
	auto.offset.reset = earliest
	bootstrap.servers = [kafka:9092]
	check.crcs = true
	client.dns.lookup = use_all_dns_ips
	client.id = consumer-group_id-1
	client.rack = 
	connections.max.idle.ms = 540000
	default.api.timeout.ms = 60000
	enable.auto.commit = false
	exclude.internal.topics = true
	fetch.max.bytes = 52428800
	fetch.max.wait.ms = 500
	fetch.min.bytes = 1
	group.id = group_id
	group.instance.id = null
	heartbeat.interval.ms = 3000
	interceptor.classes = []
	internal.leave.group.on.close = true
	internal.throw.on.fetch.stable.offset.unsupported = false
	isolation.level = read_uncommitted
	key.deserializer = class org.apache.kafka.common.serialization.StringDeserializer
	max.partition.fetch.bytes = 1048576
	max.poll.interval.ms = 300000
	max.poll.records = 500
	metadata.max.age.ms = 300000
	metric.reporters = []
	metrics.num.samples = 2
	metrics.recording.level = INFO
	metrics.sample.window.ms = 30000
	partition.assignment.strategy = [class org.apache.kafka.clients.consumer.RangeAssignor]
	receive.buffer.bytes = 65536
	reconnect.backoff.max.ms = 1000
	reconnect.backoff.ms = 50
	request.timeout.ms = 30000
	retry.backoff.ms = 100
	sasl.client.callback.handler.class = null
	sasl.jaas.config = null
	sasl.kerberos.kinit.cmd = /usr/bin/kinit
	sasl.kerberos.min.time.before.relogin = 60000
	sasl.kerberos.service.name = null
	sasl.kerberos.ticket.renew.jitter = 0.05
	sasl.kerberos.ticket.renew.window.factor = 0.8
	sasl.login.callback.handler.class = null
	sasl.login.class = null
	sasl.login.refresh.buffer.seconds = 300
	sasl.login.refresh.min.period.seconds = 60
	sasl.login.refresh.window.factor = 0.8
	sasl.login.refresh.window.jitter = 0.05
	sasl.mechanism = GSSAPI
	security.protocol = PLAINTEXT
	security.providers = null
	send.buffer.bytes = 131072
	session.timeout.ms = 10000
	ssl.cipher.suites = null
	ssl.enabled.protocols = [TLSv1.2, TLSv1.3]
	ssl.endpoint.identification.algorithm = https
	ssl.engine.factory.class = null
	ssl.key.password = null
	ssl.keymanager.algorithm = SunX509
	ssl.keystore.location = null
	ssl.keystore.password = null
	ssl.keystore.type = JKS
	ssl.protocol = TLSv1.3
	ssl.provider = null
	ssl.secure.random.implementation = null
	ssl.trustmanager.algorithm = PKIX
	ssl.truststore.location = null
	ssl.truststore.password = null
	ssl.truststore.type = JKS
	value.deserializer = class org.apache.kafka.common.serialization.StringDeserializer

2022-12-15 10:16:48.406  WARN 21593 --- [restartedMain] org.apache.kafka.clients.ClientUtils     : Couldn't resolve server kafka:9092 from bootstrap.servers as DNS resolution failed for kafka
2022-12-15 10:16:48.410  WARN 21593 --- [restartedMain] ConfigServletWebServerApplicationContext : Exception encountered during context initialization - cancelling refresh attempt: org.springframework.context.ApplicationContextException: Failed to start bean 'org.springframework.kafka.config.internalKafkaListenerEndpointRegistry'; nested exception is org.apache.kafka.common.KafkaException: Failed to construct kafka consumer
2022-12-15 10:16:48.422  INFO 21593 --- [restartedMain] o.s.s.concurrent.ThreadPoolTaskExecutor  : Shutting down ExecutorService 'applicationTaskExecutor'
2022-12-15 10:16:48.542  INFO 21593 --- [restartedMain] o.apache.catalina.core.StandardService   : Stopping service [Tomcat]
2022-12-15 10:16:48.580  INFO 21593 --- [restartedMain] ConditionEvaluationReportLoggingListener : 

Error starting ApplicationContext. To display the conditions report re-run your application with 'debug' enabled.
2022-12-15 10:16:48.613 ERROR 21593 --- [restartedMain] o.s.boot.SpringApplication               : Application run failed

org.springframework.context.ApplicationContextException: Failed to start bean 'org.springframework.kafka.config.internalKafkaListenerEndpointRegistry'; nested exception is org.apache.kafka.common.KafkaException: Failed to construct kafka consumer
	at org.springframework.context.support.DefaultLifecycleProcessor.doStart(DefaultLifecycleProcessor.java:181) ~[spring-context-5.3.6.jar:5.3.6]
	at org.springframework.context.support.DefaultLifecycleProcessor.access$200(DefaultLifecycleProcessor.java:54) ~[spring-context-5.3.6.jar:5.3.6]
	at org.springframework.context.support.DefaultLifecycleProcessor$LifecycleGroup.start(DefaultLifecycleProcessor.java:356) ~[spring-context-5.3.6.jar:5.3.6]
	at java.base/java.lang.Iterable.forEach(Iterable.java:75) ~[na:na]
	at org.springframework.context.support.DefaultLifecycleProcessor.startBeans(DefaultLifecycleProcessor.java:155) ~[spring-context-5.3.6.jar:5.3.6]
	at org.springframework.context.support.DefaultLifecycleProcessor.onRefresh(DefaultLifecycleProcessor.java:123) ~[spring-context-5.3.6.jar:5.3.6]
	at org.springframework.context.support.AbstractApplicationContext.finishRefresh(AbstractApplicationContext.java:935) ~[spring-context-5.3.6.jar:5.3.6]
	at org.springframework.context.support.AbstractApplicationContext.refresh(AbstractApplicationContext.java:586) ~[spring-context-5.3.6.jar:5.3.6]
	at org.springframework.boot.web.servlet.context.ServletWebServerApplicationContext.refresh(ServletWebServerApplicationContext.java:144) ~[spring-boot-2.4.5.jar:2.4.5]
	at org.springframework.boot.SpringApplication.refresh(SpringApplication.java:782) ~[spring-boot-2.4.5.jar:2.4.5]
	at org.springframework.boot.SpringApplication.refresh(SpringApplication.java:774) ~[spring-boot-2.4.5.jar:2.4.5]
	at org.springframework.boot.SpringApplication.refreshContext(SpringApplication.java:439) ~[spring-boot-2.4.5.jar:2.4.5]
	at org.springframework.boot.SpringApplication.run(SpringApplication.java:339) ~[spring-boot-2.4.5.jar:2.4.5]
	at org.springframework.boot.SpringApplication.run(SpringApplication.java:1340) ~[spring-boot-2.4.5.jar:2.4.5]
	at org.springframework.boot.SpringApplication.run(SpringApplication.java:1329) ~[spring-boot-2.4.5.jar:2.4.5]
	at com.tweetapp.api.TweetApplication.main(TweetApplication.java:18) ~[classes/:na]
	at java.base/jdk.internal.reflect.NativeMethodAccessorImpl.invoke0(Native Method) ~[na:na]
	at java.base/jdk.internal.reflect.NativeMethodAccessorImpl.invoke(NativeMethodAccessorImpl.java:62) ~[na:na]
	at java.base/jdk.internal.reflect.DelegatingMethodAccessorImpl.invoke(DelegatingMethodAccessorImpl.java:43) ~[na:na]
	at java.base/java.lang.reflect.Method.invoke(Method.java:566) ~[na:na]
	at org.springframework.boot.devtools.restart.RestartLauncher.run(RestartLauncher.java:49) ~[spring-boot-devtools-2.4.5.jar:2.4.5]
Caused by: org.apache.kafka.common.KafkaException: Failed to construct kafka consumer
	at org.apache.kafka.clients.consumer.KafkaConsumer.<init>(KafkaConsumer.java:823) ~[kafka-clients-2.6.0.jar:na]
	at org.apache.kafka.clients.consumer.KafkaConsumer.<init>(KafkaConsumer.java:632) ~[kafka-clients-2.6.0.jar:na]
	at org.springframework.kafka.core.DefaultKafkaConsumerFactory.createRawConsumer(DefaultKafkaConsumerFactory.java:358) ~[spring-kafka-2.6.7.jar:2.6.7]
	at org.springframework.kafka.core.DefaultKafkaConsumerFactory.createKafkaConsumer(DefaultKafkaConsumerFactory.java:326) ~[spring-kafka-2.6.7.jar:2.6.7]
	at org.springframework.kafka.core.DefaultKafkaConsumerFactory.createConsumerWithAdjustedProperties(DefaultKafkaConsumerFactory.java:302) ~[spring-kafka-2.6.7.jar:2.6.7]
	at org.springframework.kafka.core.DefaultKafkaConsumerFactory.createKafkaConsumer(DefaultKafkaConsumerFactory.java:269) ~[spring-kafka-2.6.7.jar:2.6.7]
	at org.springframework.kafka.core.DefaultKafkaConsumerFactory.createConsumer(DefaultKafkaConsumerFactory.java:243) ~[spring-kafka-2.6.7.jar:2.6.7]
	at org.springframework.kafka.listener.KafkaMessageListenerContainer$ListenerConsumer.<init>(KafkaMessageListenerContainer.java:639) ~[spring-kafka-2.6.7.jar:2.6.7]
	at org.springframework.kafka.listener.KafkaMessageListenerContainer.doStart(KafkaMessageListenerContainer.java:305) ~[spring-kafka-2.6.7.jar:2.6.7]
	at org.springframework.kafka.listener.AbstractMessageListenerContainer.start(AbstractMessageListenerContainer.java:338) ~[spring-kafka-2.6.7.jar:2.6.7]
	at org.springframework.kafka.listener.ConcurrentMessageListenerContainer.doStart(ConcurrentMessageListenerContainer.java:204) ~[spring-kafka-2.6.7.jar:2.6.7]
	at org.springframework.kafka.listener.AbstractMessageListenerContainer.start(AbstractMessageListenerContainer.java:338) ~[spring-kafka-2.6.7.jar:2.6.7]
	at org.springframework.kafka.config.KafkaListenerEndpointRegistry.startIfNecessary(KafkaListenerEndpointRegistry.java:312) ~[spring-kafka-2.6.7.jar:2.6.7]
	at org.springframework.kafka.config.KafkaListenerEndpointRegistry.start(KafkaListenerEndpointRegistry.java:257) ~[spring-kafka-2.6.7.jar:2.6.7]
	at org.springframework.context.support.DefaultLifecycleProcessor.doStart(DefaultLifecycleProcessor.java:178) ~[spring-context-5.3.6.jar:5.3.6]
	... 20 common frames omitted
Caused by: org.apache.kafka.common.config.ConfigException: No resolvable bootstrap urls given in bootstrap.servers
	at org.apache.kafka.clients.ClientUtils.parseAndValidateAddresses(ClientUtils.java:89) ~[kafka-clients-2.6.0.jar:na]
	at org.apache.kafka.clients.ClientUtils.parseAndValidateAddresses(ClientUtils.java:48) ~[kafka-clients-2.6.0.jar:na]
	at org.apache.kafka.clients.consumer.KafkaConsumer.<init>(KafkaConsumer.java:734) ~[kafka-clients-2.6.0.jar:na]
	... 34 common frames omitted

